<?xml version="1.0" encoding="UTF-8"?>
<!-- Generated by org.testng.reporters.JUnitReportReporter -->
<testsuite hostname="LAPTOP-35ISERKL" failures="0" tests="2" name="rahulshettyacademy.tests.StandAloneTest" time="44.941" errors="0" timestamp="2024-06-30T18:29:02 IST" skipped="0">
  <testcase classname="rahulshettyacademy.tests.StandAloneTest" name="submitOrder" time="26.762"/>
  <testcase classname="rahulshettyacademy.tests.StandAloneTest" name="submitOrder" time="18.179"/>
</testsuite> <!-- rahulshettyacademy.tests.StandAloneTest -->
