<?xml version="1.0" encoding="UTF-8"?>
<!-- Generated by org.testng.reporters.JUnitReportReporter -->
<testsuite hostname="LAPTOP-35ISERKL" failures="0" tests="1" name="rahulshettyacademy.tests.ErrorValidationsTest" time="29.130" errors="0" timestamp="2024-06-30T16:37:19 IST" skipped="0">
  <testcase classname="rahulshettyacademy.tests.ErrorValidationsTest" name="LoginErrorValidation" time="29.130"/>
</testsuite> <!-- rahulshettyacademy.tests.ErrorValidationsTest -->
