<?xml version="1.0" encoding="UTF-8"?>
<!-- Generated by org.testng.reporters.JUnitReportReporter -->
<testsuite hostname="LAPTOP-35ISERKL" failures="0" tests="4" name="rahulshettyacademy.OrangeHRMLogin" time="41.147" errors="0" timestamp="2024-08-03T21:38:39 IST" skipped="0">
  <testcase classname="rahulshettyacademy.OrangeHRMLogin" name="validLogin" time="10.869"/>
  <testcase classname="rahulshettyacademy.OrangeHRMLogin" name="validLogin" time="11.865"/>
  <testcase classname="rahulshettyacademy.OrangeHRMLogin" name="InvalidLoginCreds" time="10.051"/>
  <testcase classname="rahulshettyacademy.OrangeHRMLogin" name="InvalidLoginCreds" time="8.362"/>
</testsuite> <!-- rahulshettyacademy.OrangeHRMLogin -->
