<?xml version="1.0" encoding="UTF-8"?>
<!-- Generated by org.testng.reporters.JUnitReportReporter -->
<testsuite hostname="LAPTOP-35ISERKL" failures="0" tests="1" name="rahulshettyacademy.tests.ErrorValidations" time="9.087" errors="0" timestamp="2024-06-29T17:00:39 IST" skipped="0">
  <testcase classname="rahulshettyacademy.tests.ErrorValidations" name="submitOrder" time="9.087"/>
</testsuite> <!-- rahulshettyacademy.tests.ErrorValidations -->
