<?xml version="1.0" encoding="UTF-8"?>
<!-- Generated by org.testng.reporters.JUnitReportReporter -->
<testsuite hostname="LAPTOP-35ISERKL" failures="0" tests="3" name="rahulshettyacademy.tests.StandAloneTest" time="95.231" errors="0" timestamp="2024-07-14T21:16:45 IST" skipped="0">
  <testcase classname="rahulshettyacademy.tests.StandAloneTest" name="submitOrder" time="24.866"/>
  <testcase classname="rahulshettyacademy.tests.StandAloneTest" name="OrderHistoryTest" time="24.342"/>
  <testcase classname="rahulshettyacademy.tests.StandAloneTest" name="submitOrder" time="46.023"/>
</testsuite> <!-- rahulshettyacademy.tests.StandAloneTest -->
